# JRE version: Java(TM) SE Runtime Environment (8.0_77-b03) (build 1.8.0_77-b03)
# Java VM: Java HotSpot(TM) Client VM (25.77-b03 mixed mode linux-x86 )
Heap:
 garbage-first heap   total 262144K, used 189154K [0x71c00000, 0x71d00400, 0xb1c00000)
  region size 1024K, 91 young (93184K), 3 survivors (3072K)
 Metaspace       used 60733K, capacity 64116K, committed 64244K, reserved 64816K
GC Heap History (10 events):
Event: 6479.479 GC heap before
{Heap before GC invocations=57 (full 0):
 garbage-first heap   total 262144K, used 222900K [0x71c00000, 0x71d00400, 0xb1c00000)
  region size 1024K, 104 young (106496K), 3 survivors (3072K)
 Metaspace       used 60732K, capacity 64116K, committed 64244K, reserved 64816K
Event: 6479.507 GC heap after
Heap after GC invocations=58 (full 0):
 garbage-first heap   total 262144K, used 119476K [0x71c00000, 0x71d00400, 0xb1c00000)
  region size 1024K, 3 young (3072K), 3 survivors (3072K)
 Metaspace       used 60732K, capacity 64116K, committed 64244K, reserved 64816K
}
Event: 6513.542 GC heap before
{Heap before GC invocations=59 (full 0):
 garbage-first heap   total 262144K, used 222858K [0x71c00000, 0x71d00400, 0xb1c00000)
  region size 1024K, 105 young (107520K), 3 survivors (3072K)
 Metaspace       used 60731K, capacity 64114K, committed 64244K, reserved 64816K
Event: 6513.572 GC heap after
Heap after GC invocations=60 (full 0):
 garbage-first heap   total 262144K, used 121482K [0x71c00000, 0x71d00400, 0xb1c00000)
  region size 1024K, 8 young (8192K), 8 survivors (8192K)
 Metaspace       used 60731K, capacity 64114K, committed 64244K, reserved 64816K
}
Event: 6514.895 GC heap before
{Heap before GC invocations=60 (full 0):
 garbage-first heap   total 262144K, used 125578K [0x71c00000, 0x71d00400, 0xb1c00000)
  region size 1024K, 12 young (12288K), 8 survivors (8192K)
 Metaspace       used 60731K, capacity 64114K, committed 64244K, reserved 64816K
Event: 6514.950 GC heap after
Heap after GC invocations=61 (full 0):
 garbage-first heap   total 262144K, used 101506K [0x71c00000, 0x71d00400, 0xb1c00000)
  region size 1024K, 2 young (2048K), 2 survivors (2048K)
 Metaspace       used 60731K, capacity 64114K, committed 64244K, reserved 64816K
}
Event: 6517.608 GC heap before
{Heap before GC invocations=61 (full 0):
 garbage-first heap   total 262144K, used 111746K [0x71c00000, 0x71d00400, 0xb1c00000)
  region size 1024K, 12 young (12288K), 2 survivors (2048K)
 Metaspace       used 60731K, capacity 64114K, committed 64244K, reserved 64816K
Event: 6517.680 GC heap after
Heap after GC invocations=62 (full 0):
 garbage-first heap   total 262144K, used 99637K [0x71c00000, 0x71d00400, 0xb1c00000)
  region size 1024K, 2 young (2048K), 2 survivors (2048K)
 Metaspace       used 60731K, capacity 64114K, committed 64244K, reserved 64816K
}
Event: 6553.316 GC heap before
{Heap before GC invocations=62 (full 0):
 garbage-first heap   total 262144K, used 223541K [0x71c00000, 0x71d00400, 0xb1c00000)
  region size 1024K, 123 young (125952K), 2 survivors (2048K)
 Metaspace       used 60733K, capacity 64116K, committed 64244K, reserved 64816K
Event: 6553.346 GC heap after
Heap after GC invocations=63 (full 0):
 garbage-first heap   total 262144K, used 100066K [0x71c00000, 0x71d00400, 0xb1c00000)
  region size 1024K, 3 young (3072K), 3 survivors (3072K)
 Metaspace       used 60733K, capacity 64116K, committed 64244K, reserved 64816K
}

